Removed Pin From Net: NetName=PE2 Pin=LEFT-1
Removed Pin From Net: NetName=PE3 Pin=LEFT-2
Removed Pin From Net: NetName=PE4 Pin=LEFT-3
Removed Pin From Net: NetName=PE5 Pin=LEFT-4
Removed Pin From Net: NetName=PE6 Pin=LEFT-5
Removed Pin From Net: NetName=PC13 Pin=LEFT-7
Removed Pin From Net: NetName=PF1 Pin=LEFT-11
Removed Pin From Net: NetName=PF2 Pin=LEFT-12
Removed Pin From Net: NetName=PF3 Pin=LEFT-13
Removed Pin From Net: NetName=PF4 Pin=LEFT-14
Added Pin To Net: NetName=PE3 Pin=LEFT-1
Added Pin To Net: NetName=PE2 Pin=LEFT-2
Added Pin To Net: NetName=PE5 Pin=LEFT-3
Added Pin To Net: NetName=PE4 Pin=LEFT-4
Added Pin To Net: NetName=PE6 Pin=LEFT-6
Added Pin To Net: NetName=PC13 Pin=LEFT-8
Added Pin To Net: NetName=PF2 Pin=LEFT-11
Added Pin To Net: NetName=PF1 Pin=LEFT-12
Added Pin To Net: NetName=PF4 Pin=LEFT-13
Added Pin To Net: NetName=PF3 Pin=LEFT-14
