Removed Pin From Net: NetName=PG3 Pin=RIGHT-17
Removed Pin From Net: NetName=PG2 Pin=RIGHT-18
Removed Pin From Net: NetName=PD15 Pin=RIGHT-19
Removed Pin From Net: NetName=PD14 Pin=RIGHT-20
Removed Pin From Net: NetName=PD13 Pin=RIGHT-21
Removed Pin From Net: NetName=PD12 Pin=RIGHT-22
Removed Pin From Net: NetName=PD11 Pin=RIGHT-23
Removed Pin From Net: NetName=PD10 Pin=RIGHT-24
Removed Pin From Net: NetName=PD9 Pin=RIGHT-25
Removed Pin From Net: NetName=PD8 Pin=RIGHT-26
Removed Pin From Net: NetName=PB15 Pin=RIGHT-27
Removed Pin From Net: NetName=PB14 Pin=RIGHT-28
Removed Pin From Net: NetName=PB13 Pin=RIGHT-29
Removed Pin From Net: NetName=PB12 Pin=RIGHT-30
Added Pin To Net: NetName=PG2 Pin=RIGHT-17
Added Pin To Net: NetName=PG3 Pin=RIGHT-18
Added Pin To Net: NetName=PD14 Pin=RIGHT-19
Added Pin To Net: NetName=PD15 Pin=RIGHT-20
Added Pin To Net: NetName=PD12 Pin=RIGHT-21
Added Pin To Net: NetName=PD13 Pin=RIGHT-22
Added Pin To Net: NetName=PD10 Pin=RIGHT-23
Added Pin To Net: NetName=PD11 Pin=RIGHT-24
Added Pin To Net: NetName=PD8 Pin=RIGHT-25
Added Pin To Net: NetName=PD9 Pin=RIGHT-26
Added Pin To Net: NetName=PB14 Pin=RIGHT-27
Added Pin To Net: NetName=PB15 Pin=RIGHT-28
Added Pin To Net: NetName=PB12 Pin=RIGHT-29
Added Pin To Net: NetName=PB13 Pin=RIGHT-30
Added Room: Name=2016ºËÐÄ°å v3.0
