Removed Pin From Net: NetName=PA3 Pin=DOWN-3
Removed Pin From Net: NetName=PA4 Pin=DOWN-4
Removed Pin From Net: NetName=PA5 Pin=DOWN-5
Removed Pin From Net: NetName=PA6 Pin=DOWN-6
Removed Pin From Net: NetName=PA7 Pin=DOWN-7
Removed Pin From Net: NetName=PC4 Pin=DOWN-8
Removed Pin From Net: NetName=PC5 Pin=DOWN-9
Removed Pin From Net: NetName=PB0 Pin=DOWN-10
Removed Pin From Net: NetName=PB1 Pin=DOWN-11
Removed Pin From Net: NetName=BOOT1 Pin=DOWN-12
Removed Pin From Net: NetName=PF11 Pin=DOWN-13
Removed Pin From Net: NetName=PF12 Pin=DOWN-14
Removed Pin From Net: NetName=PF13 Pin=DOWN-15
Removed Pin From Net: NetName=PF14 Pin=DOWN-16
Added Pin To Net: NetName=PA4 Pin=DOWN-3
Added Pin To Net: NetName=PA3 Pin=DOWN-4
Added Pin To Net: NetName=PA6 Pin=DOWN-5
Added Pin To Net: NetName=PA5 Pin=DOWN-6
Added Pin To Net: NetName=PC4 Pin=DOWN-7
Added Pin To Net: NetName=PA7 Pin=DOWN-8
Added Pin To Net: NetName=PB0 Pin=DOWN-9
Added Pin To Net: NetName=PC5 Pin=DOWN-10
Added Pin To Net: NetName=BOOT1 Pin=DOWN-11
Added Pin To Net: NetName=PB1 Pin=DOWN-12
Added Pin To Net: NetName=PF12 Pin=DOWN-13
Added Pin To Net: NetName=PF11 Pin=DOWN-14
Added Pin To Net: NetName=PF14 Pin=DOWN-15
Added Pin To Net: NetName=PF13 Pin=DOWN-16
