Removed Pin From Net: NetName=PE5 Pin=LEFT-3
Removed Pin From Net: NetName=PE2 Pin=LEFT-4
Removed Pin From Net: NetName=PE4 Pin=LEFT-5
Removed Pin From Net: NetName=PE6 Pin=LEFT-6
Removed Pin From Net: NetName=PC13 Pin=LEFT-7
Removed Pin From Net: NetName=PF0 Pin=LEFT-8
Removed Pin From Net: NetName=PF2 Pin=LEFT-9
Removed Pin From Net: NetName=PF1 Pin=LEFT-10
Removed Pin From Net: NetName=PF4 Pin=LEFT-11
Removed Pin From Net: NetName=PF3 Pin=LEFT-12
Removed Pin From Net: NetName=PF5 Pin=LEFT-13
Removed Pin From Net: NetName=PF6 Pin=LEFT-14
Removed Pin From Net: NetName=PF7 Pin=LEFT-15
Removed Pin From Net: NetName=PF8 Pin=LEFT-16
Removed Pin From Net: NetName=PF9 Pin=LEFT-17
Removed Pin From Net: NetName=PF10 Pin=LEFT-18
Added Pin To Net: NetName=PE2 Pin=LEFT-3
Added Pin To Net: NetName=PE5 Pin=LEFT-4
Added Pin To Net: NetName=PE6 Pin=LEFT-5
Added Pin To Net: NetName=PE4 Pin=LEFT-6
Added Pin To Net: NetName=PF0 Pin=LEFT-7
Added Pin To Net: NetName=PC13 Pin=LEFT-8
Added Pin To Net: NetName=PF1 Pin=LEFT-9
Added Pin To Net: NetName=PF2 Pin=LEFT-10
Added Pin To Net: NetName=PF3 Pin=LEFT-11
Added Pin To Net: NetName=PF4 Pin=LEFT-12
Added Pin To Net: NetName=PF6 Pin=LEFT-13
Added Pin To Net: NetName=PF5 Pin=LEFT-14
Added Pin To Net: NetName=PF8 Pin=LEFT-15
Added Pin To Net: NetName=PF7 Pin=LEFT-16
Added Pin To Net: NetName=PF10 Pin=LEFT-17
Added Pin To Net: NetName=PF9 Pin=LEFT-18
