Removed Pin From Net: NetName=PE3 Pin=LEFT-1
Removed Pin From Net: NetName=PE2 Pin=LEFT-2
Removed Pin From Net: NetName=PE4 Pin=LEFT-4
Removed Pin From Net: NetName=PC13 Pin=LEFT-8
Removed Pin From Net: NetName=PF0 Pin=LEFT-10
Removed Pin From Net: NetName=PF2 Pin=LEFT-11
Removed Pin From Net: NetName=PF1 Pin=LEFT-12
Removed Pin From Net: NetName=PF4 Pin=LEFT-13
Removed Pin From Net: NetName=PF3 Pin=LEFT-14
Removed Pin From Net: NetName=PF5 Pin=LEFT-15
Removed Pin From Net: NetName=PF6 Pin=LEFT-16
Removed Pin From Net: NetName=PF7 Pin=LEFT-17
Removed Pin From Net: NetName=PF8 Pin=LEFT-18
Removed Pin From Net: NetName=PF9 Pin=LEFT-19
Removed Pin From Net: NetName=PF10 Pin=LEFT-20
Removed Pin From Net: NetName=RESET Pin=LEFT-21
Removed Pin From Net: NetName=PC0 Pin=LEFT-22
Removed Pin From Net: NetName=PC1 Pin=LEFT-23
Removed Pin From Net: NetName=PC2 Pin=LEFT-24
Removed Pin From Net: NetName=PC3 Pin=LEFT-25
Removed Pin From Net: NetName=3V3 Pin=LEFT-26
Removed Pin From Net: NetName=PA0 Pin=LEFT-27
Removed Pin From Net: NetName=PA1 Pin=LEFT-28
Removed Pin From Net: NetName=PA2 Pin=LEFT-29
Removed Pin From Net: NetName=5V Pin=LEFT-30
Change Component DesignItemId : Designator=LEFT Old DesignItemId=Header 15X2 New DesignItemId=Header 11X2
Change Component Footprint: Designator=LEFT Old Footprint=HDR2X15 New Footprint=HDR2X11
Change Component Comment : Designator=LEFT Old Comment=Header 15X2 New Comment=Header 11X2
Added Component: Designator=LEFT2(HDR2X3)
Added Pin To Net: NetName=PC3 Pin=LEFT2-1
Added Pin To Net: NetName=3V3 Pin=LEFT2-2
Added Pin To Net: NetName=PA0 Pin=LEFT2-3
Added Pin To Net: NetName=PA1 Pin=LEFT2-4
Added Pin To Net: NetName=PA2 Pin=LEFT2-5
Added Pin To Net: NetName=5V Pin=LEFT2-6
Added Pin To Net: NetName=PE3 Pin=LEFT-2
Added Pin To Net: NetName=PE2 Pin=LEFT-4
Added Pin To Net: NetName=PE4 Pin=LEFT-5
Added Pin To Net: NetName=PC13 Pin=LEFT-7
Added Pin To Net: NetName=PF0 Pin=LEFT-8
Added Pin To Net: NetName=PF2 Pin=LEFT-9
Added Pin To Net: NetName=PF1 Pin=LEFT-10
Added Pin To Net: NetName=PF4 Pin=LEFT-11
Added Pin To Net: NetName=PF3 Pin=LEFT-12
Added Pin To Net: NetName=PF5 Pin=LEFT-13
Added Pin To Net: NetName=PF6 Pin=LEFT-14
Added Pin To Net: NetName=PF7 Pin=LEFT-15
Added Pin To Net: NetName=PF8 Pin=LEFT-16
Added Pin To Net: NetName=PF9 Pin=LEFT-17
Added Pin To Net: NetName=PF10 Pin=LEFT-18
Added Pin To Net: NetName=RESET Pin=LEFT-19
Added Pin To Net: NetName=PC0 Pin=LEFT-20
Added Pin To Net: NetName=PC1 Pin=LEFT-21
Added Pin To Net: NetName=PC2 Pin=LEFT-22
Added Member To Class: ClassName=2016ºËÐÄ°å v3.0 Member=Component LEFT2 Header 3X2
