Removed Pin From Net: NetName=PB3 Pin=R3-1
Removed Pin From Net: NetName=3V3 Pin=R3-2
Removed Pin From Net: NetName=PA14 Pin=R4-1
Removed Pin From Net: NetName=3V3 Pin=R4-2
Removed Pin From Net: NetName=PA13 Pin=R4-3
Removed Pin From Net: NetName=3V3 Pin=R4-4
Removed Pin From Net: NetName=PA15 Pin=R4-5
Removed Pin From Net: NetName=3V3 Pin=R4-6
Removed Pin From Net: NetName=PB4 Pin=R4-7
Removed Pin From Net: NetName=3V3 Pin=R4-8
Added Component: Designator=R3(Res-0603)
Added Component: Designator=R4(RES-ARR4)
Added Pin To Net: NetName=PB3 Pin=R3-1
Added Pin To Net: NetName=3V3 Pin=R3-2
Added Pin To Net: NetName=PA14 Pin=R4-1
Added Pin To Net: NetName=3V3 Pin=R4-2
Added Pin To Net: NetName=PA13 Pin=R4-3
Added Pin To Net: NetName=3V3 Pin=R4-4
Added Pin To Net: NetName=PA15 Pin=R4-5
Added Pin To Net: NetName=3V3 Pin=R4-6
Added Pin To Net: NetName=PB4 Pin=R4-7
Added Pin To Net: NetName=3V3 Pin=R4-8
Added Member To Class: ClassName=2016ºËÐÄ°å v3.0 Member=Component R3 10K
Added Member To Class: ClassName=2016ºËÐÄ°å v3.0 Member=Component R4 10K
