Added Component: Designator=DOWN(HDR2X15)
Added Component: Designator=LEFT(HDR2X15)
Added Component: Designator=RIGHT(HDR2X15)
Added Component: Designator=UP(HDR2X15)
Added Pin To Net: NetName=3V3 Pin=DOWN-1
Added Pin To Net: NetName=GND Pin=DOWN-2
Added Pin To Net: NetName=PA3 Pin=DOWN-3
Added Pin To Net: NetName=PA4 Pin=DOWN-4
Added Pin To Net: NetName=PA5 Pin=DOWN-5
Added Pin To Net: NetName=PA6 Pin=DOWN-6
Added Pin To Net: NetName=PA7 Pin=DOWN-7
Added Pin To Net: NetName=PC4 Pin=DOWN-8
Added Pin To Net: NetName=PC5 Pin=DOWN-9
Added Pin To Net: NetName=PB0 Pin=DOWN-10
Added Pin To Net: NetName=PB1 Pin=DOWN-11
Added Pin To Net: NetName=BOOT1 Pin=DOWN-12
Added Pin To Net: NetName=PF11 Pin=DOWN-13
Added Pin To Net: NetName=PF12 Pin=DOWN-14
Added Pin To Net: NetName=PF13 Pin=DOWN-15
Added Pin To Net: NetName=PF14 Pin=DOWN-16
Added Pin To Net: NetName=PF15 Pin=DOWN-17
Added Pin To Net: NetName=PG0 Pin=DOWN-18
Added Pin To Net: NetName=PG1 Pin=DOWN-19
Added Pin To Net: NetName=PE7 Pin=DOWN-20
Added Pin To Net: NetName=PE8 Pin=DOWN-21
Added Pin To Net: NetName=PE9 Pin=DOWN-22
Added Pin To Net: NetName=PE10 Pin=DOWN-23
Added Pin To Net: NetName=PE11 Pin=DOWN-24
Added Pin To Net: NetName=PE12 Pin=DOWN-25
Added Pin To Net: NetName=PE13 Pin=DOWN-26
Added Pin To Net: NetName=PE14 Pin=DOWN-27
Added Pin To Net: NetName=PE15 Pin=DOWN-28
Added Pin To Net: NetName=PB11 Pin=DOWN-30
Added Pin To Net: NetName=PE2 Pin=LEFT-1
Added Pin To Net: NetName=PE3 Pin=LEFT-2
Added Pin To Net: NetName=PE4 Pin=LEFT-3
Added Pin To Net: NetName=PE5 Pin=LEFT-4
Added Pin To Net: NetName=PE6 Pin=LEFT-5
Added Pin To Net: NetName=PC13 Pin=LEFT-7
Added Pin To Net: NetName=PF0 Pin=LEFT-10
Added Pin To Net: NetName=PF1 Pin=LEFT-11
Added Pin To Net: NetName=PF2 Pin=LEFT-12
Added Pin To Net: NetName=PF3 Pin=LEFT-13
Added Pin To Net: NetName=PF4 Pin=LEFT-14
Added Pin To Net: NetName=PF5 Pin=LEFT-15
Added Pin To Net: NetName=PF6 Pin=LEFT-16
Added Pin To Net: NetName=PF7 Pin=LEFT-17
Added Pin To Net: NetName=PF8 Pin=LEFT-18
Added Pin To Net: NetName=PF9 Pin=LEFT-19
Added Pin To Net: NetName=PF10 Pin=LEFT-20
Added Pin To Net: NetName=RESET Pin=LEFT-21
Added Pin To Net: NetName=PC0 Pin=LEFT-22
Added Pin To Net: NetName=PC1 Pin=LEFT-23
Added Pin To Net: NetName=PC2 Pin=LEFT-24
Added Pin To Net: NetName=PC3 Pin=LEFT-25
Added Pin To Net: NetName=VREF+ Pin=LEFT-26
Added Pin To Net: NetName=PA0 Pin=LEFT-27
Added Pin To Net: NetName=PA1 Pin=LEFT-28
Added Pin To Net: NetName=PA2 Pin=LEFT-29
Added Pin To Net: NetName=5V Pin=LEFT-30
Added Pin To Net: NetName=PA13 Pin=RIGHT-1
Added Pin To Net: NetName=PA12 Pin=RIGHT-2
Added Pin To Net: NetName=PA11 Pin=RIGHT-3
Added Pin To Net: NetName=PA10 Pin=RIGHT-4
Added Pin To Net: NetName=PA9 Pin=RIGHT-5
Added Pin To Net: NetName=PA8 Pin=RIGHT-6
Added Pin To Net: NetName=PC9 Pin=RIGHT-7
Added Pin To Net: NetName=PC8 Pin=RIGHT-8
Added Pin To Net: NetName=PC7 Pin=RIGHT-9
Added Pin To Net: NetName=PC6 Pin=RIGHT-10
Added Pin To Net: NetName=PG8 Pin=RIGHT-11
Added Pin To Net: NetName=PG7 Pin=RIGHT-13
Added Pin To Net: NetName=PG6 Pin=RIGHT-14
Added Pin To Net: NetName=PG5 Pin=RIGHT-15
Added Pin To Net: NetName=PG4 Pin=RIGHT-16
Added Pin To Net: NetName=PG3 Pin=RIGHT-17
Added Pin To Net: NetName=PG2 Pin=RIGHT-18
Added Pin To Net: NetName=PD15 Pin=RIGHT-19
Added Pin To Net: NetName=PD14 Pin=RIGHT-20
Added Pin To Net: NetName=PD13 Pin=RIGHT-21
Added Pin To Net: NetName=PD12 Pin=RIGHT-22
Added Pin To Net: NetName=PD11 Pin=RIGHT-23
Added Pin To Net: NetName=PD10 Pin=RIGHT-24
Added Pin To Net: NetName=PD9 Pin=RIGHT-25
Added Pin To Net: NetName=PD8 Pin=RIGHT-26
Added Pin To Net: NetName=PB15 Pin=RIGHT-27
Added Pin To Net: NetName=PB14 Pin=RIGHT-28
Added Pin To Net: NetName=PB13 Pin=RIGHT-29
Added Pin To Net: NetName=PB12 Pin=RIGHT-30
Added Pin To Net: NetName=PE1 Pin=UP-2
Added Pin To Net: NetName=PE0 Pin=UP-3
Added Pin To Net: NetName=PB9 Pin=UP-4
Added Pin To Net: NetName=PB8 Pin=UP-5
Added Pin To Net: NetName=PB7 Pin=UP-6
Added Pin To Net: NetName=PB6 Pin=UP-7
Added Pin To Net: NetName=PB5 Pin=UP-8
Added Pin To Net: NetName=PB4 Pin=UP-9
Added Pin To Net: NetName=PB3 Pin=UP-10
Added Pin To Net: NetName=PG14 Pin=UP-11
Added Pin To Net: NetName=PG15 Pin=UP-12
Added Pin To Net: NetName=PG12 Pin=UP-13
Added Pin To Net: NetName=PG13 Pin=UP-14
Added Pin To Net: NetName=PG10 Pin=UP-15
Added Pin To Net: NetName=PG11 Pin=UP-16
Added Pin To Net: NetName=PD7 Pin=UP-17
Added Pin To Net: NetName=PG9 Pin=UP-18
Added Pin To Net: NetName=PD5 Pin=UP-19
Added Pin To Net: NetName=PD6 Pin=UP-20
Added Pin To Net: NetName=PD3 Pin=UP-21
Added Pin To Net: NetName=PD4 Pin=UP-22
Added Pin To Net: NetName=PD1 Pin=UP-23
Added Pin To Net: NetName=PD2 Pin=UP-24
Added Pin To Net: NetName=PC12 Pin=UP-25
Added Pin To Net: NetName=PD0 Pin=UP-26
Added Pin To Net: NetName=PC10 Pin=UP-27
Added Pin To Net: NetName=PC11 Pin=UP-28
Added Pin To Net: NetName=PA15 Pin=UP-29
Added Pin To Net: NetName=PA14 Pin=UP-30
Added Member To Class: ClassName=2016ºËÐÄ°å v3.0 Member=Component DOWN Header 15X2
Added Member To Class: ClassName=2016ºËÐÄ°å v3.0 Member=Component LEFT Header 15X2
Added Member To Class: ClassName=2016ºËÐÄ°å v3.0 Member=Component RIGHT Header 15X2
Added Member To Class: ClassName=2016ºËÐÄ°å v3.0 Member=Component UP Header 15X2
