Added Component: Designator=C1(CAP-MLCC-0603)
Added Component: Designator=C2(CAP-MLCC-0603)
Added Component: Designator=C3(CAP-MLCC-0603)
Added Component: Designator=C4(CAP-MLCC-0603)
Added Component: Designator=C5(CAP-MLCC-0603)
Added Component: Designator=C6(CAP-MLCC-0603)
Added Component: Designator=C7(CAP-MLCC-0603)
Added Component: Designator=C8(CAP-MLCC-0603)
Added Component: Designator=C9(CAP-TAN-3528/CAPB)
Added Component: Designator=C10(CAP-TAN-6032/CAPC)
Added Component: Designator=C11(CAP-MLCC-0603)
Added Component: Designator=C12(CAP-MLCC-0603)
Added Component: Designator=C13(CAP-MLCC-0603)
Added Component: Designator=C14(CAP-MLCC-0603)
Added Component: Designator=C15(CAP-MLCC-0603)
Added Component: Designator=C16(CAP-MLCC-0603)
Added Component: Designator=C17(CAP-MLCC-0603)
Added Component: Designator=C18(CAP-MLCC-0603)
Added Component: Designator=C19(CAP-MLCC-0603)
Added Component: Designator=C20(CAP-MLCC-0603)
Added Component: Designator=C21(CAP-MLCC-0603)
Added Component: Designator=C22(CAP-MLCC-0603)
Added Component: Designator=C23(CAP-MLCC-0603)
Added Component: Designator=D1(LED-1206)
Added Component: Designator=D2(LED-1206)
Added Component: Designator=ExtPwr1(PwrDock_Green)
Added Component: Designator=J1(FC_2x10)
Added Component: Designator=R1(Res-0603)
Added Component: Designator=R2(RES-ARR4)
Added Component: Designator=R3(RES-0603)
Added Component: Designator=R4(RES-0603)
Added Component: Designator=R5(RES-0603)
Added Component: Designator=R6(RES-0603)
Added Component: Designator=R7(RES-0603)
Added Component: Designator=R8(RES-0603)
Added Component: Designator=R9(RES-0603)
Added Component: Designator=R10(RES-0603)
Added Component: Designator=U1(LQFP144-L)
Added Component: Designator=U2(SOT-223)
Added Component: Designator=Y1(Osc-3216)
Added Component: Designator=Y2(Osc-6032)
Added Pin To Net: NetName=GND Pin=C1-1
Added Pin To Net: NetName=PC14 Pin=C1-2
Added Pin To Net: NetName=GND Pin=C2-1
Added Pin To Net: NetName=PC15 Pin=C2-2
Added Pin To Net: NetName=GND Pin=C3-1
Added Pin To Net: NetName=PH1 Pin=C3-2
Added Pin To Net: NetName=GND Pin=C4-1
Added Pin To Net: NetName=PH0 Pin=C4-2
Added Pin To Net: NetName=NetC5_1 Pin=C5-1
Added Pin To Net: NetName=GND Pin=C5-2
Added Pin To Net: NetName=NetC6_1 Pin=C6-1
Added Pin To Net: NetName=GND Pin=C6-2
Added Pin To Net: NetName=GND Pin=C7-1
Added Pin To Net: NetName=VDDA Pin=C7-2
Added Pin To Net: NetName=GND Pin=C8-1
Added Pin To Net: NetName=VDDA Pin=C8-2
Added Pin To Net: NetName=5V Pin=C9-1
Added Pin To Net: NetName=GND Pin=C9-2
Added Pin To Net: NetName=3V3 Pin=C10-1
Added Pin To Net: NetName=GND Pin=C10-2
Added Pin To Net: NetName=GND Pin=C11-1
Added Pin To Net: NetName=3V3 Pin=C11-2
Added Pin To Net: NetName=GND Pin=C12-1
Added Pin To Net: NetName=3V3 Pin=C12-2
Added Pin To Net: NetName=GND Pin=C13-1
Added Pin To Net: NetName=3V3 Pin=C13-2
Added Pin To Net: NetName=GND Pin=C14-1
Added Pin To Net: NetName=3V3 Pin=C14-2
Added Pin To Net: NetName=GND Pin=C15-1
Added Pin To Net: NetName=3V3 Pin=C15-2
Added Pin To Net: NetName=GND Pin=C16-1
Added Pin To Net: NetName=3V3 Pin=C16-2
Added Pin To Net: NetName=GND Pin=C17-1
Added Pin To Net: NetName=3V3 Pin=C17-2
Added Pin To Net: NetName=GND Pin=C18-1
Added Pin To Net: NetName=3V3 Pin=C18-2
Added Pin To Net: NetName=GND Pin=C19-1
Added Pin To Net: NetName=3V3 Pin=C19-2
Added Pin To Net: NetName=GND Pin=C20-1
Added Pin To Net: NetName=3V3 Pin=C20-2
Added Pin To Net: NetName=GND Pin=C21-1
Added Pin To Net: NetName=3V3 Pin=C21-2
Added Pin To Net: NetName=GND Pin=C22-1
Added Pin To Net: NetName=3V3 Pin=C22-2
Added Pin To Net: NetName=GND Pin=C23-1
Added Pin To Net: NetName=RESET Pin=C23-2
Added Pin To Net: NetName=3V3 Pin=D1-1
Added Pin To Net: NetName=NetD1_2 Pin=D1-2
Added Pin To Net: NetName=5V Pin=D2-1
Added Pin To Net: NetName=NetD2_2 Pin=D2-2
Added Pin To Net: NetName=GND Pin=ExtPwr1-1
Added Pin To Net: NetName=5V Pin=ExtPwr1-2
Added Pin To Net: NetName=3V3 Pin=J1-1
Added Pin To Net: NetName=3V3 Pin=J1-2
Added Pin To Net: NetName=PB4 Pin=J1-3
Added Pin To Net: NetName=GND Pin=J1-4
Added Pin To Net: NetName=PA15 Pin=J1-5
Added Pin To Net: NetName=GND Pin=J1-6
Added Pin To Net: NetName=PA13 Pin=J1-7
Added Pin To Net: NetName=GND Pin=J1-8
Added Pin To Net: NetName=PA14 Pin=J1-9
Added Pin To Net: NetName=GND Pin=J1-10
Added Pin To Net: NetName=GND Pin=J1-12
Added Pin To Net: NetName=PB3 Pin=J1-13
Added Pin To Net: NetName=GND Pin=J1-14
Added Pin To Net: NetName=RESET Pin=J1-15
Added Pin To Net: NetName=GND Pin=J1-16
Added Pin To Net: NetName=GND Pin=J1-18
Added Pin To Net: NetName=GND Pin=J1-20
Added Pin To Net: NetName=PB3 Pin=R1-1
Added Pin To Net: NetName=3V3 Pin=R1-2
Added Pin To Net: NetName=PA14 Pin=R2-1
Added Pin To Net: NetName=3V3 Pin=R2-2
Added Pin To Net: NetName=PA13 Pin=R2-3
Added Pin To Net: NetName=3V3 Pin=R2-4
Added Pin To Net: NetName=PA15 Pin=R2-5
Added Pin To Net: NetName=3V3 Pin=R2-6
Added Pin To Net: NetName=PB4 Pin=R2-7
Added Pin To Net: NetName=3V3 Pin=R2-8
Added Pin To Net: NetName=PH1 Pin=R3-1
Added Pin To Net: NetName=PH0 Pin=R3-2
Added Pin To Net: NetName=VDDA Pin=R4-1
Added Pin To Net: NetName=3V3 Pin=R4-2
Added Pin To Net: NetName=NetR5_1 Pin=R5-1
Added Pin To Net: NetName=3V3 Pin=R5-2
Added Pin To Net: NetName=BOOT0 Pin=R6-1
Added Pin To Net: NetName=NetR7_1 Pin=R7-1
Added Pin To Net: NetName=BOOT1 Pin=R7-2
Added Pin To Net: NetName=NetD2_2 Pin=R8-1
Added Pin To Net: NetName=GND Pin=R8-2
Added Pin To Net: NetName=GND Pin=R9-1
Added Pin To Net: NetName=NetD1_2 Pin=R9-2
Added Pin To Net: NetName=RESET Pin=R10-1
Added Pin To Net: NetName=3V3 Pin=R10-2
Added Pin To Net: NetName=PE2 Pin=U1-1
Added Pin To Net: NetName=PE3 Pin=U1-2
Added Pin To Net: NetName=PE4 Pin=U1-3
Added Pin To Net: NetName=PE5 Pin=U1-4
Added Pin To Net: NetName=PE6 Pin=U1-5
Added Pin To Net: NetName=3V3 Pin=U1-6
Added Pin To Net: NetName=PC13 Pin=U1-7
Added Pin To Net: NetName=PC14 Pin=U1-8
Added Pin To Net: NetName=PC15 Pin=U1-9
Added Pin To Net: NetName=PF0 Pin=U1-10
Added Pin To Net: NetName=PF1 Pin=U1-11
Added Pin To Net: NetName=PF2 Pin=U1-12
Added Pin To Net: NetName=PF3 Pin=U1-13
Added Pin To Net: NetName=PF4 Pin=U1-14
Added Pin To Net: NetName=PF5 Pin=U1-15
Added Pin To Net: NetName=GND Pin=U1-16
Added Pin To Net: NetName=3V3 Pin=U1-17
Added Pin To Net: NetName=PF6 Pin=U1-18
Added Pin To Net: NetName=PF7 Pin=U1-19
Added Pin To Net: NetName=PF8 Pin=U1-20
Added Pin To Net: NetName=PF9 Pin=U1-21
Added Pin To Net: NetName=PF10 Pin=U1-22
Added Pin To Net: NetName=PH0 Pin=U1-23
Added Pin To Net: NetName=PH1 Pin=U1-24
Added Pin To Net: NetName=RESET Pin=U1-25
Added Pin To Net: NetName=PC0 Pin=U1-26
Added Pin To Net: NetName=PC1 Pin=U1-27
Added Pin To Net: NetName=PC2 Pin=U1-28
Added Pin To Net: NetName=PC3 Pin=U1-29
Added Pin To Net: NetName=3V3 Pin=U1-30
Added Pin To Net: NetName=GND Pin=U1-31
Added Pin To Net: NetName=NetL1_1 Pin=U1-32
Added Pin To Net: NetName=VDDA Pin=U1-33
Added Pin To Net: NetName=PA0 Pin=U1-34
Added Pin To Net: NetName=PA1 Pin=U1-35
Added Pin To Net: NetName=PA2 Pin=U1-36
Added Pin To Net: NetName=PA3 Pin=U1-37
Added Pin To Net: NetName=GND Pin=U1-38
Added Pin To Net: NetName=3V3 Pin=U1-39
Added Pin To Net: NetName=PA4 Pin=U1-40
Added Pin To Net: NetName=PA5 Pin=U1-41
Added Pin To Net: NetName=PA6 Pin=U1-42
Added Pin To Net: NetName=PA7 Pin=U1-43
Added Pin To Net: NetName=PC4 Pin=U1-44
Added Pin To Net: NetName=PC5 Pin=U1-45
Added Pin To Net: NetName=PB0 Pin=U1-46
Added Pin To Net: NetName=PB1 Pin=U1-47
Added Pin To Net: NetName=BOOT1 Pin=U1-48
Added Pin To Net: NetName=PF11 Pin=U1-49
Added Pin To Net: NetName=PF12 Pin=U1-50
Added Pin To Net: NetName=GND Pin=U1-51
Added Pin To Net: NetName=3V3 Pin=U1-52
Added Pin To Net: NetName=PF13 Pin=U1-53
Added Pin To Net: NetName=PF14 Pin=U1-54
Added Pin To Net: NetName=PF15 Pin=U1-55
Added Pin To Net: NetName=PG0 Pin=U1-56
Added Pin To Net: NetName=PG1 Pin=U1-57
Added Pin To Net: NetName=PE7 Pin=U1-58
Added Pin To Net: NetName=PE8 Pin=U1-59
Added Pin To Net: NetName=PE9 Pin=U1-60
Added Pin To Net: NetName=GND Pin=U1-61
Added Pin To Net: NetName=3V3 Pin=U1-62
Added Pin To Net: NetName=PE10 Pin=U1-63
Added Pin To Net: NetName=PE11 Pin=U1-64
Added Pin To Net: NetName=PE12 Pin=U1-65
Added Pin To Net: NetName=PE13 Pin=U1-66
Added Pin To Net: NetName=PE14 Pin=U1-67
Added Pin To Net: NetName=PE15 Pin=U1-68
Added Pin To Net: NetName=PB10 Pin=U1-69
Added Pin To Net: NetName=PB11 Pin=U1-70
Added Pin To Net: NetName=NetC5_1 Pin=U1-71
Added Pin To Net: NetName=3V3 Pin=U1-72
Added Pin To Net: NetName=PB12 Pin=U1-73
Added Pin To Net: NetName=PB13 Pin=U1-74
Added Pin To Net: NetName=PB14 Pin=U1-75
Added Pin To Net: NetName=PB15 Pin=U1-76
Added Pin To Net: NetName=PD8 Pin=U1-77
Added Pin To Net: NetName=PD9 Pin=U1-78
Added Pin To Net: NetName=PD10 Pin=U1-79
Added Pin To Net: NetName=PD11 Pin=U1-80
Added Pin To Net: NetName=PD12 Pin=U1-81
Added Pin To Net: NetName=PD13 Pin=U1-82
Added Pin To Net: NetName=GND Pin=U1-83
Added Pin To Net: NetName=3V3 Pin=U1-84
Added Pin To Net: NetName=PD14 Pin=U1-85
Added Pin To Net: NetName=PD15 Pin=U1-86
Added Pin To Net: NetName=PG2 Pin=U1-87
Added Pin To Net: NetName=PG3 Pin=U1-88
Added Pin To Net: NetName=PG4 Pin=U1-89
Added Pin To Net: NetName=PG5 Pin=U1-90
Added Pin To Net: NetName=PG6 Pin=U1-91
Added Pin To Net: NetName=PG7 Pin=U1-92
Added Pin To Net: NetName=PG8 Pin=U1-93
Added Pin To Net: NetName=GND Pin=U1-94
Added Pin To Net: NetName=3V3 Pin=U1-95
Added Pin To Net: NetName=PC6 Pin=U1-96
Added Pin To Net: NetName=PC7 Pin=U1-97
Added Pin To Net: NetName=PC8 Pin=U1-98
Added Pin To Net: NetName=PC9 Pin=U1-99
Added Pin To Net: NetName=PA8 Pin=U1-100
Added Pin To Net: NetName=PA9 Pin=U1-101
Added Pin To Net: NetName=PA10 Pin=U1-102
Added Pin To Net: NetName=PA11 Pin=U1-103
Added Pin To Net: NetName=PA12 Pin=U1-104
Added Pin To Net: NetName=PA13 Pin=U1-105
Added Pin To Net: NetName=NetC6_1 Pin=U1-106
Added Pin To Net: NetName=3V3 Pin=U1-108
Added Pin To Net: NetName=PA14 Pin=U1-109
Added Pin To Net: NetName=PA15 Pin=U1-110
Added Pin To Net: NetName=PC10 Pin=U1-111
Added Pin To Net: NetName=PC11 Pin=U1-112
Added Pin To Net: NetName=PC12 Pin=U1-113
Added Pin To Net: NetName=PD0 Pin=U1-114
Added Pin To Net: NetName=PD1 Pin=U1-115
Added Pin To Net: NetName=PD2 Pin=U1-116
Added Pin To Net: NetName=PD3 Pin=U1-117
Added Pin To Net: NetName=PD4 Pin=U1-118
Added Pin To Net: NetName=PD5 Pin=U1-119
Added Pin To Net: NetName=GND Pin=U1-120
Added Pin To Net: NetName=3V3 Pin=U1-121
Added Pin To Net: NetName=PD6 Pin=U1-122
Added Pin To Net: NetName=PD7 Pin=U1-123
Added Pin To Net: NetName=PG9 Pin=U1-124
Added Pin To Net: NetName=PG10 Pin=U1-125
Added Pin To Net: NetName=PG11 Pin=U1-126
Added Pin To Net: NetName=PG12 Pin=U1-127
Added Pin To Net: NetName=PG13 Pin=U1-128
Added Pin To Net: NetName=PG14 Pin=U1-129
Added Pin To Net: NetName=GND Pin=U1-130
Added Pin To Net: NetName=3V3 Pin=U1-131
Added Pin To Net: NetName=PG15 Pin=U1-132
Added Pin To Net: NetName=PB3 Pin=U1-133
Added Pin To Net: NetName=PB4 Pin=U1-134
Added Pin To Net: NetName=PB5 Pin=U1-135
Added Pin To Net: NetName=PB6 Pin=U1-136
Added Pin To Net: NetName=PB7 Pin=U1-137
Added Pin To Net: NetName=BOOT0 Pin=U1-138
Added Pin To Net: NetName=PB8 Pin=U1-139
Added Pin To Net: NetName=PB9 Pin=U1-140
Added Pin To Net: NetName=PE0 Pin=U1-141
Added Pin To Net: NetName=PE1 Pin=U1-142
Added Pin To Net: NetName=NetR5_1 Pin=U1-143
Added Pin To Net: NetName=3V3 Pin=U1-144
Added Pin To Net: NetName=GND Pin=U2-1
Added Pin To Net: NetName=3V3 Pin=U2-2
Added Pin To Net: NetName=3V3 Pin=U2-2
Added Pin To Net: NetName=3V3 Pin=U2-2
Added Pin To Net: NetName=3V3 Pin=U2-2
Added Pin To Net: NetName=5V Pin=U2-3
Added Pin To Net: NetName=PC15 Pin=Y1-1
Added Pin To Net: NetName=PC14 Pin=Y1-2
Added Pin To Net: NetName=PH0 Pin=Y2-1
Added Pin To Net: NetName=PH1 Pin=Y2-2
Added Member To Class: ClassName=2016ºËÐÄ°å v3.0 Member=Component C1 CAP
Added Member To Class: ClassName=2016ºËÐÄ°å v3.0 Member=Component C2 CAP
Added Member To Class: ClassName=2016ºËÐÄ°å v3.0 Member=Component C3 CAP
Added Member To Class: ClassName=2016ºËÐÄ°å v3.0 Member=Component C4 CAP
Added Member To Class: ClassName=2016ºËÐÄ°å v3.0 Member=Component C5 225
Added Member To Class: ClassName=2016ºËÐÄ°å v3.0 Member=Component C6 225
Added Member To Class: ClassName=2016ºËÐÄ°å v3.0 Member=Component C7 1uF
Added Member To Class: ClassName=2016ºËÐÄ°å v3.0 Member=Component C8 0.1uF
Added Member To Class: ClassName=2016ºËÐÄ°å v3.0 Member=Component C9 CAP-TAN
Added Member To Class: ClassName=2016ºËÐÄ°å v3.0 Member=Component C10 CAP-TAN
Added Member To Class: ClassName=2016ºËÐÄ°å v3.0 Member=Component C11 CAP
Added Member To Class: ClassName=2016ºËÐÄ°å v3.0 Member=Component C12 CAP
Added Member To Class: ClassName=2016ºËÐÄ°å v3.0 Member=Component C13 CAP
Added Member To Class: ClassName=2016ºËÐÄ°å v3.0 Member=Component C14 CAP
Added Member To Class: ClassName=2016ºËÐÄ°å v3.0 Member=Component C15 CAP
Added Member To Class: ClassName=2016ºËÐÄ°å v3.0 Member=Component C16 CAP
Added Member To Class: ClassName=2016ºËÐÄ°å v3.0 Member=Component C17 CAP
Added Member To Class: ClassName=2016ºËÐÄ°å v3.0 Member=Component C18 CAP
Added Member To Class: ClassName=2016ºËÐÄ°å v3.0 Member=Component C19 CAP
Added Member To Class: ClassName=2016ºËÐÄ°å v3.0 Member=Component C20 CAP
Added Member To Class: ClassName=2016ºËÐÄ°å v3.0 Member=Component C21 CAP
Added Member To Class: ClassName=2016ºËÐÄ°å v3.0 Member=Component C22 CAP
Added Member To Class: ClassName=2016ºËÐÄ°å v3.0 Member=Component C23 0.1u
Added Member To Class: ClassName=2016ºËÐÄ°å v3.0 Member=Component D1 LED
Added Member To Class: ClassName=2016ºËÐÄ°å v3.0 Member=Component D2 LED
Added Member To Class: ClassName=2016ºËÐÄ°å v3.0 Member=Component ExtPwr1 Header 2
Added Member To Class: ClassName=2016ºËÐÄ°å v3.0 Member=Component J1 JTAG
Added Member To Class: ClassName=2016ºËÐÄ°å v3.0 Member=Component R1 10K
Added Member To Class: ClassName=2016ºËÐÄ°å v3.0 Member=Component R2 10K
Added Member To Class: ClassName=2016ºËÐÄ°å v3.0 Member=Component R3 1M¦¸
Added Member To Class: ClassName=2016ºËÐÄ°å v3.0 Member=Component R4 0¦¸
Added Member To Class: ClassName=2016ºËÐÄ°å v3.0 Member=Component R5 0¦¸
Added Member To Class: ClassName=2016ºËÐÄ°å v3.0 Member=Component R6 RES
Added Member To Class: ClassName=2016ºËÐÄ°å v3.0 Member=Component R7 RES
Added Member To Class: ClassName=2016ºËÐÄ°å v3.0 Member=Component R8 RES
Added Member To Class: ClassName=2016ºËÐÄ°å v3.0 Member=Component R9 RES
Added Member To Class: ClassName=2016ºËÐÄ°å v3.0 Member=Component R10 RES
Added Member To Class: ClassName=2016ºËÐÄ°å v3.0 Member=Component U1 STM32F407ZGET6
Added Member To Class: ClassName=2016ºËÐÄ°å v3.0 Member=Component U2 IC-AS1117-3.3V
Added Member To Class: ClassName=2016ºËÐÄ°å v3.0 Member=Component Y1 32.768kHz
Added Member To Class: ClassName=2016ºËÐÄ°å v3.0 Member=Component Y2 8MHz
